Copyright 1986-2022 Xilinx, Inc. All Rights Reserved.
--------------------------------------------------------------------------------------------------------------------------------
| Tool Version : Vivado v.2022.2 (win64) Build 3671981 Fri Oct 14 05:00:03 MDT 2022
| Date         : Wed May 27 20:07:40 2026
| Host         : DESKTOP-EGH29B4 running 64-bit major release  (build 9200)
| Command      : report_timing_summary -file D:/Users/Lenovo/project_1/muse_cnn_sources/reports/m10e_classifier_timing_impl.rpt
| Design       : classifier_top_av7k325
| Device       : 7k325t-ffg900
| Speed File   : -2  PRODUCTION 1.12 2017-02-17
--------------------------------------------------------------------------------------------------------------------------------

Timing Summary Report

------------------------------------------------------------------------------------------------
| Timer Settings
| --------------
------------------------------------------------------------------------------------------------

  Enable Multi Corner Analysis               :  Yes
  Enable Pessimism Removal                   :  Yes
  Pessimism Removal Resolution               :  Nearest Common Node
  Enable Input Delay Default Clock           :  No
  Enable Preset / Clear Arcs                 :  No
  Disable Flight Delays                      :  No
  Ignore I/O Paths                           :  No
  Timing Early Launch at Borrowing Latches   :  No
  Borrow Time for Max Delay Exceptions       :  Yes
  Merge Timing Exceptions                    :  Yes

  Corner  Analyze    Analyze    
  Name    Max Paths  Min Paths  
  ------  ---------  ---------  
  Slow    Yes        Yes        
  Fast    Yes        Yes        


------------------------------------------------------------------------------------------------
| Report Methodology
| ------------------
------------------------------------------------------------------------------------------------

No report available as report_methodology has not been run prior. Run report_methodology on the current design for the summary of methodology violations.



check_timing report

Table of Contents
-----------------
1. checking no_clock (0)
2. checking constant_clock (0)
3. checking pulse_width_clock (0)
4. checking unconstrained_internal_endpoints (0)
5. checking no_input_delay (1)
6. checking no_output_delay (2)
7. checking multiple_clock (0)
8. checking generated_clocks (0)
9. checking loops (0)
10. checking partial_input_delay (0)
11. checking partial_output_delay (0)
12. checking latch_loops (0)

1. checking no_clock (0)
------------------------
 There are 0 register/latch pins with no clock.


2. checking constant_clock (0)
------------------------------
 There are 0 register/latch pins with constant_clock.


3. checking pulse_width_clock (0)
---------------------------------
 There are 0 register/latch pins which need pulse_width check


4. checking unconstrained_internal_endpoints (0)
------------------------------------------------
 There are 0 pins that are not constrained for maximum delay.

 There are 0 pins that are not constrained for maximum delay due to constant clock.


5. checking no_input_delay (1)
------------------------------
 There is 1 input port with no input delay specified. (HIGH)

 There are 0 input ports with no input delay but user has a false path constraint.


6. checking no_output_delay (2)
-------------------------------
 There are 2 ports with no output delay specified. (HIGH)

 There are 0 ports with no output delay but user has a false path constraint

 There are 0 ports with no output delay but with a timing clock defined on it or propagating through it


7. checking multiple_clock (0)
------------------------------
 There are 0 register/latch pins with multiple clocks.


8. checking generated_clocks (0)
--------------------------------
 There are 0 generated clocks that are not connected to a clock source.


9. checking loops (0)
---------------------
 There are 0 combinational loops in the design.


10. checking partial_input_delay (0)
------------------------------------
 There are 0 input ports with partial input delay specified.


11. checking partial_output_delay (0)
-------------------------------------
 There are 0 ports with partial output delay specified.


12. checking latch_loops (0)
----------------------------
 There are 0 combinational latch loops in the design through latch input



------------------------------------------------------------------------------------------------
| Design Timing Summary
| ---------------------
------------------------------------------------------------------------------------------------

    WNS(ns)      TNS(ns)  TNS Failing Endpoints  TNS Total Endpoints      WHS(ns)      THS(ns)  THS Failing Endpoints  THS Total Endpoints     WPWS(ns)     TPWS(ns)  TPWS Failing Endpoints  TPWS Total Endpoints  
    -------      -------  ---------------------  -------------------      -------      -------  ---------------------  -------------------     --------     --------  ----------------------  --------------------  
      2.560        0.000                      0                  398        0.109        0.000                      0                  398        4.600        0.000                       0                   207  


All user specified timing constraints are met.


------------------------------------------------------------------------------------------------
| Clock Summary
| -------------
------------------------------------------------------------------------------------------------

Clock    Waveform(ns)       Period(ns)      Frequency(MHz)
-----    ------------       ----------      --------------
sys_clk  {0.000 5.000}      10.000          100.000         


------------------------------------------------------------------------------------------------
| Intra Clock Table
| -----------------
------------------------------------------------------------------------------------------------

Clock             WNS(ns)      TNS(ns)  TNS Failing Endpoints  TNS Total Endpoints      WHS(ns)      THS(ns)  THS Failing Endpoints  THS Total Endpoints     WPWS(ns)     TPWS(ns)  TPWS Failing Endpoints  TPWS Total Endpoints  
-----             -------      -------  ---------------------  -------------------      -------      -------  ---------------------  -------------------     --------     --------  ----------------------  --------------------  
sys_clk             2.560        0.000                      0                  398        0.109        0.000                      0                  398        4.600        0.000                       0                   207  


------------------------------------------------------------------------------------------------
| Inter Clock Table
| -----------------
------------------------------------------------------------------------------------------------

From Clock    To Clock          WNS(ns)      TNS(ns)  TNS Failing Endpoints  TNS Total Endpoints      WHS(ns)      THS(ns)  THS Failing Endpoints  THS Total Endpoints  
----------    --------          -------      -------  ---------------------  -------------------      -------      -------  ---------------------  -------------------  


------------------------------------------------------------------------------------------------
| Other Path Groups Table
| -----------------------
------------------------------------------------------------------------------------------------

Path Group    From Clock    To Clock          WNS(ns)      TNS(ns)  TNS Failing Endpoints  TNS Total Endpoints      WHS(ns)      THS(ns)  THS Failing Endpoints  THS Total Endpoints  
----------    ----------    --------          -------      -------  ---------------------  -------------------      -------      -------  ---------------------  -------------------  


------------------------------------------------------------------------------------------------
| Timing Details
| --------------
------------------------------------------------------------------------------------------------


---------------------------------------------------------------------------------------------------
From Clock:  sys_clk
  To Clock:  sys_clk

Setup :            0  Failing Endpoints,  Worst Slack        2.560ns,  Total Violation        0.000ns
Hold  :            0  Failing Endpoints,  Worst Slack        0.109ns,  Total Violation        0.000ns
PW    :            0  Failing Endpoints,  Worst Slack        4.600ns,  Total Violation        0.000ns
---------------------------------------------------------------------------------------------------


Max Delay Paths
--------------------------------------------------------------------------------------
Slack (MET) :             2.560ns  (required time - arrival time)
  Source:                 u_dense2/i_idx_reg[3]/C
                            (rising edge-triggered cell FDRE clocked by sys_clk  {rise@0.000ns fall@5.000ns period=10.000ns})
  Destination:            u_dense2/acc_reg[24]/D
                            (rising edge-triggered cell FDRE clocked by sys_clk  {rise@0.000ns fall@5.000ns period=10.000ns})
  Path Group:             sys_clk
  Path Type:              Setup (Max at Slow Process Corner)
  Requirement:            10.000ns  (sys_clk rise@10.000ns - sys_clk rise@0.000ns)
  Data Path Delay:        7.444ns  (logic 4.933ns (66.269%)  route 2.511ns (33.731%))
  Logic Levels:           9  (CARRY4=3 DSP48E1=2 LUT3=3 LUT5=1)
  Clock Path Skew:        -0.047ns (DCD - SCD + CPR)
    Destination Clock Delay (DCD):    4.382ns = ( 14.382 - 10.000 ) 
    Source Clock Delay      (SCD):    4.755ns
    Clock Pessimism Removal (CPR):    0.326ns
  Clock Uncertainty:      0.035ns  ((TSJ^2 + TIJ^2)^1/2 + DJ) / 2 + PE
    Total System Jitter     (TSJ):    0.071ns
    Total Input Jitter      (TIJ):    0.000ns
    Discrete Jitter          (DJ):    0.000ns
    Phase Error              (PE):    0.000ns

    Location             Delay type                Incr(ns)  Path(ns)    Netlist Resource(s)
  -------------------------------------------------------------------    -------------------
                         (clock sys_clk rise edge)    0.000     0.000 r  
    AE10                                              0.000     0.000 r  sys_clk_p (IN)
                         net (fo=0)                   0.000     0.000    sys_clk_p
    AE10                 IBUFDS (Prop_ibufds_I_O)     0.892     0.892 r  u_ibufds_sysclk/O
                         net (fo=1, routed)           2.299     3.191    clk_int
    BUFGCTRL_X0Y0        BUFG (Prop_bufg_I_O)         0.093     3.284 r  clk_int_BUFG_inst/O
                         net (fo=206, routed)         1.471     4.755    u_dense2/CLK
    SLICE_X16Y100        FDRE                                         r  u_dense2/i_idx_reg[3]/C
  -------------------------------------------------------------------    -------------------
    SLICE_X16Y100        FDRE (Prop_fdre_C_Q)         0.236     4.991 f  u_dense2/i_idx_reg[3]/Q
                         net (fo=5, routed)           0.574     5.565    u_dense2/i_idx[3]
    SLICE_X16Y100        LUT5 (Prop_lut5_I0_O)        0.131     5.696 r  u_dense2/acc1_i_3/O
                         net (fo=1, routed)           0.276     5.972    u_dense2/acc1_i_3_n_0
    SLICE_X13Y100        LUT3 (Prop_lut3_I0_O)        0.138     6.110 r  u_dense2/acc1_i_1/O
                         net (fo=34, routed)          0.474     6.585    u_dense2/acc1_i_1_n_0
    DSP48_X0Y40          DSP48E1 (Prop_dsp48e1_B[15]_PCOUT[47])
                                                      2.749     9.334 r  u_dense2/acc1/PCOUT[47]
                         net (fo=1, routed)           0.000     9.334    u_dense2/acc1_n_106
    DSP48_X0Y41          DSP48E1 (Prop_dsp48e1_PCIN[47]_P[0])
                                                      1.077    10.411 r  u_dense2/acc1__0/P[0]
                         net (fo=1, routed)           0.641    11.052    u_dense2/acc1__0_n_105
    SLICE_X11Y104        LUT3 (Prop_lut3_I1_O)        0.043    11.095 r  u_dense2/_carry__3_i_3/O
                         net (fo=1, routed)           0.000    11.095    u_dense2/_carry__3_i_3_n_0
    SLICE_X11Y104        CARRY4 (Prop_carry4_S[1]_CO[3])
                                                      0.267    11.362 r  u_dense2/_carry__3/CO[3]
                         net (fo=1, routed)           0.000    11.362    u_dense2/_carry__3_n_0
    SLICE_X11Y105        CARRY4 (Prop_carry4_CI_CO[3])
                                                      0.053    11.415 r  u_dense2/_carry__4/CO[3]
                         net (fo=1, routed)           0.000    11.415    u_dense2/_carry__4_n_0
    SLICE_X11Y106        CARRY4 (Prop_carry4_CI_O[0])
                                                      0.111    11.526 r  u_dense2/_carry__5/O[0]
                         net (fo=1, routed)           0.545    12.071    u_dense2/in38[24]
    SLICE_X12Y105        LUT3 (Prop_lut3_I0_O)        0.128    12.199 r  u_dense2/acc[24]_i_1/O
                         net (fo=1, routed)           0.000    12.199    u_dense2/acc[24]
    SLICE_X12Y105        FDRE                                         r  u_dense2/acc_reg[24]/D
  -------------------------------------------------------------------    -------------------

                         (clock sys_clk rise edge)   10.000    10.000 r  
    AE10                                              0.000    10.000 r  sys_clk_p (IN)
                         net (fo=0)                   0.000    10.000    sys_clk_p
    AE10                 IBUFDS (Prop_ibufds_I_O)     0.790    10.790 r  u_ibufds_sysclk/O
                         net (fo=1, routed)           2.173    12.963    clk_int
    BUFGCTRL_X0Y0        BUFG (Prop_bufg_I_O)         0.083    13.046 r  clk_int_BUFG_inst/O
                         net (fo=206, routed)         1.336    14.382    u_dense2/CLK
    SLICE_X12Y105        FDRE                                         r  u_dense2/acc_reg[24]/C
                         clock pessimism              0.326    14.708    
                         clock uncertainty           -0.035    14.672    
    SLICE_X12Y105        FDRE (Setup_fdre_C_D)        0.086    14.758    u_dense2/acc_reg[24]
  -------------------------------------------------------------------
                         required time                         14.758    
                         arrival time                         -12.199    
  -------------------------------------------------------------------
                         slack                                  2.560    





Min Delay Paths
--------------------------------------------------------------------------------------
Slack (MET) :             0.109ns  (arrival time - required time)
  Source:                 u_dense2/c_idx_reg[1]/C
                            (rising edge-triggered cell FDRE clocked by sys_clk  {rise@0.000ns fall@5.000ns period=10.000ns})
  Destination:            u_dense2/c_idx_reg[3]/D
                            (rising edge-triggered cell FDRE clocked by sys_clk  {rise@0.000ns fall@5.000ns period=10.000ns})
  Path Group:             sys_clk
  Path Type:              Hold (Min at Fast Process Corner)
  Requirement:            0.000ns  (sys_clk rise@0.000ns - sys_clk rise@0.000ns)
  Data Path Delay:        0.324ns  (logic 0.162ns (50.017%)  route 0.162ns (49.983%))
  Logic Levels:           1  (LUT5=1)
  Clock Path Skew:        0.140ns (DCD - SCD - CPR)
    Destination Clock Delay (DCD):    2.504ns
    Source Clock Delay      (SCD):    2.180ns
    Clock Pessimism Removal (CPR):    0.184ns

    Location             Delay type                Incr(ns)  Path(ns)    Netlist Resource(s)
  -------------------------------------------------------------------    -------------------
                         (clock sys_clk rise edge)    0.000     0.000 r  
    AE10                                              0.000     0.000 r  sys_clk_p (IN)
                         net (fo=0)                   0.000     0.000    sys_clk_p
    AE10                 IBUFDS (Prop_ibufds_I_O)     0.375     0.375 r  u_ibufds_sysclk/O
                         net (fo=1, routed)           1.083     1.458    clk_int
    BUFGCTRL_X0Y0        BUFG (Prop_bufg_I_O)         0.026     1.484 r  clk_int_BUFG_inst/O
                         net (fo=206, routed)         0.696     2.180    u_dense2/CLK
    SLICE_X13Y99         FDRE                                         r  u_dense2/c_idx_reg[1]/C
  -------------------------------------------------------------------    -------------------
    SLICE_X13Y99         FDRE (Prop_fdre_C_Q)         0.091     2.271 r  u_dense2/c_idx_reg[1]/Q
                         net (fo=7, routed)           0.162     2.433    u_dense2/c_idx[1]
    SLICE_X13Y100        LUT5 (Prop_lut5_I1_O)        0.071     2.504 r  u_dense2/c_idx[3]_i_1/O
                         net (fo=1, routed)           0.000     2.504    u_dense2/c_idx[3]_i_1_n_0
    SLICE_X13Y100        FDRE                                         r  u_dense2/c_idx_reg[3]/D
  -------------------------------------------------------------------    -------------------

                         (clock sys_clk rise edge)    0.000     0.000 r  
    AE10                                              0.000     0.000 r  sys_clk_p (IN)
                         net (fo=0)                   0.000     0.000    sys_clk_p
    AE10                 IBUFDS (Prop_ibufds_I_O)     0.456     0.456 r  u_ibufds_sysclk/O
                         net (fo=1, routed)           1.154     1.610    clk_int
    BUFGCTRL_X0Y0        BUFG (Prop_bufg_I_O)         0.030     1.640 r  clk_int_BUFG_inst/O
                         net (fo=206, routed)         0.864     2.504    u_dense2/CLK
    SLICE_X13Y100        FDRE                                         r  u_dense2/c_idx_reg[3]/C
                         clock pessimism             -0.184     2.320    
    SLICE_X13Y100        FDRE (Hold_fdre_C_D)         0.075     2.395    u_dense2/c_idx_reg[3]
  -------------------------------------------------------------------
                         required time                         -2.395    
                         arrival time                           2.504    
  -------------------------------------------------------------------
                         slack                                  0.109    





Pulse Width Checks
--------------------------------------------------------------------------------------
Clock Name:         sys_clk
Waveform(ns):       { 0.000 5.000 }
Period(ns):         10.000
Sources:            { sys_clk_p }

Check Type        Corner  Lib Pin  Reference Pin  Required(ns)  Actual(ns)  Slack(ns)  Location       Pin
Min Period        n/a     BUFG/I   n/a            1.408         10.000      8.591      BUFGCTRL_X0Y0  clk_int_BUFG_inst/I
Low Pulse Width   Slow    FDSE/C   n/a            0.400         5.000       4.600      SLICE_X12Y100  FSM_onehot_state_reg[0]/C
High Pulse Width  Slow    FDSE/C   n/a            0.350         5.000       4.650      SLICE_X12Y100  FSM_onehot_state_reg[0]/C



