Copyright 1986-2022 Xilinx, Inc. All Rights Reserved.
------------------------------------------------------------------------------------------------------------------------------------
| Tool Version : Vivado v.2022.2 (win64) Build 3671981 Fri Oct 14 05:00:03 MDT 2022
| Date         : Wed May 27 20:04:03 2026
| Host         : DESKTOP-EGH29B4 running 64-bit major release  (build 9200)
| Command      : report_timing_summary -file D:/Users/Lenovo/project_1/muse_cnn_sources/reports/m10e_classifier_timing_precheck.rpt
| Design       : classifier_top_av7k325
| Device       : 7k325t-ffg900
| Speed File   : -2  PRODUCTION 1.12 2017-02-17
------------------------------------------------------------------------------------------------------------------------------------

Timing Summary Report

------------------------------------------------------------------------------------------------
| Timer Settings
| --------------
------------------------------------------------------------------------------------------------

  Enable Multi Corner Analysis               :  Yes
  Enable Pessimism Removal                   :  Yes
  Pessimism Removal Resolution               :  Nearest Common Node
  Enable Input Delay Default Clock           :  No
  Enable Preset / Clear Arcs                 :  No
  Disable Flight Delays                      :  No
  Ignore I/O Paths                           :  No
  Timing Early Launch at Borrowing Latches   :  No
  Borrow Time for Max Delay Exceptions       :  Yes
  Merge Timing Exceptions                    :  Yes

  Corner  Analyze    Analyze    
  Name    Max Paths  Min Paths  
  ------  ---------  ---------  
  Slow    Yes        Yes        
  Fast    Yes        Yes        


------------------------------------------------------------------------------------------------
| Report Methodology
| ------------------
------------------------------------------------------------------------------------------------

No report available as report_methodology has not been run prior. Run report_methodology on the current design for the summary of methodology violations.



check_timing report

Table of Contents
-----------------
1. checking no_clock (0)
2. checking constant_clock (0)
3. checking pulse_width_clock (0)
4. checking unconstrained_internal_endpoints (0)
5. checking no_input_delay (1)
6. checking no_output_delay (2)
7. checking multiple_clock (0)
8. checking generated_clocks (0)
9. checking loops (0)
10. checking partial_input_delay (0)
11. checking partial_output_delay (0)
12. checking latch_loops (0)

1. checking no_clock (0)
------------------------
 There are 0 register/latch pins with no clock.


2. checking constant_clock (0)
------------------------------
 There are 0 register/latch pins with constant_clock.


3. checking pulse_width_clock (0)
---------------------------------
 There are 0 register/latch pins which need pulse_width check


4. checking unconstrained_internal_endpoints (0)
------------------------------------------------
 There are 0 pins that are not constrained for maximum delay.

 There are 0 pins that are not constrained for maximum delay due to constant clock.


5. checking no_input_delay (1)
------------------------------
 There is 1 input port with no input delay specified. (HIGH)

 There are 0 input ports with no input delay but user has a false path constraint.


6. checking no_output_delay (2)
-------------------------------
 There are 2 ports with no output delay specified. (HIGH)

 There are 0 ports with no output delay but user has a false path constraint

 There are 0 ports with no output delay but with a timing clock defined on it or propagating through it


7. checking multiple_clock (0)
------------------------------
 There are 0 register/latch pins with multiple clocks.


8. checking generated_clocks (0)
--------------------------------
 There are 0 generated clocks that are not connected to a clock source.


9. checking loops (0)
---------------------
 There are 0 combinational loops in the design.


10. checking partial_input_delay (0)
------------------------------------
 There are 0 input ports with partial input delay specified.


11. checking partial_output_delay (0)
-------------------------------------
 There are 0 ports with partial output delay specified.


12. checking latch_loops (0)
----------------------------
 There are 0 combinational latch loops in the design through latch input



------------------------------------------------------------------------------------------------
| Design Timing Summary
| ---------------------
------------------------------------------------------------------------------------------------

    WNS(ns)      TNS(ns)  TNS Failing Endpoints  TNS Total Endpoints      WHS(ns)      THS(ns)  THS Failing Endpoints  THS Total Endpoints     WPWS(ns)     TPWS(ns)  TPWS Failing Endpoints  TPWS Total Endpoints  
    -------      -------  ---------------------  -------------------      -------      -------  ---------------------  -------------------     --------     --------  ----------------------  --------------------  
      2.736        0.000                      0                  398        0.049        0.000                      0                  398        4.650        0.000                       0                   207  


All user specified timing constraints are met.


------------------------------------------------------------------------------------------------
| Clock Summary
| -------------
------------------------------------------------------------------------------------------------

Clock    Waveform(ns)       Period(ns)      Frequency(MHz)
-----    ------------       ----------      --------------
sys_clk  {0.000 5.000}      10.000          100.000         


------------------------------------------------------------------------------------------------
| Intra Clock Table
| -----------------
------------------------------------------------------------------------------------------------

Clock             WNS(ns)      TNS(ns)  TNS Failing Endpoints  TNS Total Endpoints      WHS(ns)      THS(ns)  THS Failing Endpoints  THS Total Endpoints     WPWS(ns)     TPWS(ns)  TPWS Failing Endpoints  TPWS Total Endpoints  
-----             -------      -------  ---------------------  -------------------      -------      -------  ---------------------  -------------------     --------     --------  ----------------------  --------------------  
sys_clk             2.736        0.000                      0                  398        0.049        0.000                      0                  398        4.650        0.000                       0                   207  


------------------------------------------------------------------------------------------------
| Inter Clock Table
| -----------------
------------------------------------------------------------------------------------------------

From Clock    To Clock          WNS(ns)      TNS(ns)  TNS Failing Endpoints  TNS Total Endpoints      WHS(ns)      THS(ns)  THS Failing Endpoints  THS Total Endpoints  
----------    --------          -------      -------  ---------------------  -------------------      -------      -------  ---------------------  -------------------  


------------------------------------------------------------------------------------------------
| Other Path Groups Table
| -----------------------
------------------------------------------------------------------------------------------------

Path Group    From Clock    To Clock          WNS(ns)      TNS(ns)  TNS Failing Endpoints  TNS Total Endpoints      WHS(ns)      THS(ns)  THS Failing Endpoints  THS Total Endpoints  
----------    ----------    --------          -------      -------  ---------------------  -------------------      -------      -------  ---------------------  -------------------  


------------------------------------------------------------------------------------------------
| Timing Details
| --------------
------------------------------------------------------------------------------------------------


---------------------------------------------------------------------------------------------------
From Clock:  sys_clk
  To Clock:  sys_clk

Setup :            0  Failing Endpoints,  Worst Slack        2.736ns,  Total Violation        0.000ns
Hold  :            0  Failing Endpoints,  Worst Slack        0.049ns,  Total Violation        0.000ns
PW    :            0  Failing Endpoints,  Worst Slack        4.650ns,  Total Violation        0.000ns
---------------------------------------------------------------------------------------------------


Max Delay Paths
--------------------------------------------------------------------------------------
Slack (MET) :             2.736ns  (required time - arrival time)
  Source:                 u_dense2/i_idx_reg[3]/C
                            (rising edge-triggered cell FDRE clocked by sys_clk  {rise@0.000ns fall@5.000ns period=10.000ns})
  Destination:            u_dense2/acc_reg[31]/D
                            (rising edge-triggered cell FDRE clocked by sys_clk  {rise@0.000ns fall@5.000ns period=10.000ns})
  Path Group:             sys_clk
  Path Type:              Setup (Max at Slow Process Corner)
  Requirement:            10.000ns  (sys_clk rise@10.000ns - sys_clk rise@0.000ns)
  Data Path Delay:        7.119ns  (logic 4.912ns (68.996%)  route 2.207ns (31.004%))
  Logic Levels:           10  (CARRY4=4 DSP48E1=2 LUT3=3 LUT5=1)
  Clock Path Skew:        -0.145ns (DCD - SCD + CPR)
    Destination Clock Delay (DCD):    1.754ns = ( 11.754 - 10.000 ) 
    Source Clock Delay      (SCD):    2.034ns
    Clock Pessimism Removal (CPR):    0.135ns
  Clock Uncertainty:      0.035ns  ((TSJ^2 + TIJ^2)^1/2 + DJ) / 2 + PE
    Total System Jitter     (TSJ):    0.071ns
    Total Input Jitter      (TIJ):    0.000ns
    Discrete Jitter          (DJ):    0.000ns
    Phase Error              (PE):    0.000ns

    Location             Delay type                Incr(ns)  Path(ns)    Netlist Resource(s)
  -------------------------------------------------------------------    -------------------
                         (clock sys_clk rise edge)    0.000     0.000 r  
    AE10                                              0.000     0.000 r  sys_clk_p (IN)
                         net (fo=0)                   0.000     0.000    sys_clk_p
    AE10                 IBUFDS (Prop_ibufds_I_O)     0.892     0.892 r  u_ibufds_sysclk/O
                         net (fo=1, unplaced)         0.466     1.357    clk_int
                         BUFG (Prop_bufg_I_O)         0.093     1.450 r  clk_int_BUFG_inst/O
                         net (fo=206, unplaced)       0.584     2.034    u_dense2/CLK
                         FDRE                                         r  u_dense2/i_idx_reg[3]/C
  -------------------------------------------------------------------    -------------------
                         FDRE (Prop_fdre_C_Q)         0.223     2.257 f  u_dense2/i_idx_reg[3]/Q
                         net (fo=5, unplaced)         0.462     2.719    u_dense2/i_idx[3]
                         LUT5 (Prop_lut5_I0_O)        0.123     2.842 r  u_dense2/acc1_i_3/O
                         net (fo=1, unplaced)         0.270     3.112    u_dense2/acc1_i_3_n_0
                         LUT3 (Prop_lut3_I0_O)        0.043     3.155 r  u_dense2/acc1_i_1/O
                         net (fo=34, unplaced)        0.466     3.621    u_dense2/acc1_i_1_n_0
                         DSP48E1 (Prop_dsp48e1_B[17]_PCOUT[47])
                                                      2.749     6.370 r  u_dense2/acc1/PCOUT[47]
                         net (fo=1, unplaced)         0.050     6.420    u_dense2/acc1_n_106
                         DSP48E1 (Prop_dsp48e1_PCIN[47]_P[0])
                                                      1.077     7.497 r  u_dense2/acc1__0/P[0]
                         net (fo=1, unplaced)         0.466     7.963    u_dense2/acc1__0_n_105
                         LUT3 (Prop_lut3_I1_O)        0.043     8.006 r  u_dense2/_carry__3_i_3/O
                         net (fo=1, unplaced)         0.000     8.006    u_dense2/_carry__3_i_3_n_0
                         CARRY4 (Prop_carry4_S[1]_CO[3])
                                                      0.267     8.273 r  u_dense2/_carry__3/CO[3]
                         net (fo=1, unplaced)         0.000     8.273    u_dense2/_carry__3_n_0
                         CARRY4 (Prop_carry4_CI_CO[3])
                                                      0.053     8.326 r  u_dense2/_carry__4/CO[3]
                         net (fo=1, unplaced)         0.000     8.326    u_dense2/_carry__4_n_0
                         CARRY4 (Prop_carry4_CI_CO[3])
                                                      0.053     8.379 r  u_dense2/_carry__5/CO[3]
                         net (fo=1, unplaced)         0.000     8.379    u_dense2/_carry__5_n_0
                         CARRY4 (Prop_carry4_CI_O[3])
                                                      0.155     8.534 r  u_dense2/_carry__6/O[3]
                         net (fo=1, unplaced)         0.494     9.028    u_dense2/in38[31]
                         LUT3 (Prop_lut3_I0_O)        0.126     9.154 r  u_dense2/acc[31]_i_2/O
                         net (fo=1, unplaced)         0.000     9.154    u_dense2/acc[31]
                         FDRE                                         r  u_dense2/acc_reg[31]/D
  -------------------------------------------------------------------    -------------------

                         (clock sys_clk rise edge)   10.000    10.000 r  
    AE10                                              0.000    10.000 r  sys_clk_p (IN)
                         net (fo=0)                   0.000    10.000    sys_clk_p
    AE10                 IBUFDS (Prop_ibufds_I_O)     0.790    10.790 r  u_ibufds_sysclk/O
                         net (fo=1, unplaced)         0.442    11.232    clk_int
                         BUFG (Prop_bufg_I_O)         0.083    11.315 r  clk_int_BUFG_inst/O
                         net (fo=206, unplaced)       0.439    11.754    u_dense2/CLK
                         FDRE                                         r  u_dense2/acc_reg[31]/C
                         clock pessimism              0.135    11.889    
                         clock uncertainty           -0.035    11.854    
                         FDRE (Setup_fdre_C_D)        0.036    11.890    u_dense2/acc_reg[31]
  -------------------------------------------------------------------
                         required time                         11.890    
                         arrival time                          -9.154    
  -------------------------------------------------------------------
                         slack                                  2.736    





Min Delay Paths
--------------------------------------------------------------------------------------
Slack (MET) :             0.049ns  (arrival time - required time)
  Source:                 u_dense2/out_data_reg[0]/C
                            (rising edge-triggered cell FDRE clocked by sys_clk  {rise@0.000ns fall@5.000ns period=10.000ns})
  Destination:            logit0_reg_reg[0]/D
                            (rising edge-triggered cell FDRE clocked by sys_clk  {rise@0.000ns fall@5.000ns period=10.000ns})
  Path Group:             sys_clk
  Path Type:              Hold (Min at Fast Process Corner)
  Requirement:            0.000ns  (sys_clk rise@0.000ns - sys_clk rise@0.000ns)
  Data Path Delay:        0.259ns  (logic 0.164ns (63.389%)  route 0.095ns (36.611%))
  Logic Levels:           1  (LUT2=1)
  Clock Path Skew:        0.145ns (DCD - SCD - CPR)
    Destination Clock Delay (DCD):    0.988ns
    Source Clock Delay      (SCD):    0.746ns
    Clock Pessimism Removal (CPR):    0.097ns

    Location             Delay type                Incr(ns)  Path(ns)    Netlist Resource(s)
  -------------------------------------------------------------------    -------------------
                         (clock sys_clk rise edge)    0.000     0.000 r  
    AE10                                              0.000     0.000 r  sys_clk_p (IN)
                         net (fo=0)                   0.000     0.000    sys_clk_p
    AE10                 IBUFDS (Prop_ibufds_I_O)     0.375     0.375 r  u_ibufds_sysclk/O
                         net (fo=1, unplaced)         0.231     0.606    clk_int
                         BUFG (Prop_bufg_I_O)         0.026     0.632 r  clk_int_BUFG_inst/O
                         net (fo=206, unplaced)       0.114     0.746    u_dense2/CLK
                         FDRE                                         r  u_dense2/out_data_reg[0]/C
  -------------------------------------------------------------------    -------------------
                         FDRE (Prop_fdre_C_Q)         0.100     0.846 r  u_dense2/out_data_reg[0]/Q
                         net (fo=1, unplaced)         0.095     0.940    u_dense2/out_data_reg_n_0_[0]
                         LUT2 (Prop_lut2_I1_O)        0.064     1.004 r  u_dense2/logit0_reg[0]_i_1/O
                         net (fo=2, unplaced)         0.000     1.004    u_dense2_n_37
                         FDRE                                         r  logit0_reg_reg[0]/D
  -------------------------------------------------------------------    -------------------

                         (clock sys_clk rise edge)    0.000     0.000 r  
    AE10                                              0.000     0.000 r  sys_clk_p (IN)
                         net (fo=0)                   0.000     0.000    sys_clk_p
    AE10                 IBUFDS (Prop_ibufds_I_O)     0.456     0.456 r  u_ibufds_sysclk/O
                         net (fo=1, unplaced)         0.243     0.699    clk_int
                         BUFG (Prop_bufg_I_O)         0.030     0.729 r  clk_int_BUFG_inst/O
                         net (fo=206, unplaced)       0.259     0.988    clk_int_BUFG
                         FDRE                                         r  logit0_reg_reg[0]/C
                         clock pessimism             -0.097     0.891    
                         FDRE (Hold_fdre_C_D)         0.065     0.956    logit0_reg_reg[0]
  -------------------------------------------------------------------
                         required time                         -0.956    
                         arrival time                           1.004    
  -------------------------------------------------------------------
                         slack                                  0.049    





Pulse Width Checks
--------------------------------------------------------------------------------------
Clock Name:         sys_clk
Waveform(ns):       { 0.000 5.000 }
Period(ns):         10.000
Sources:            { sys_clk_p }

Check Type        Corner  Lib Pin  Reference Pin  Required(ns)  Actual(ns)  Slack(ns)  Location  Pin
Min Period        n/a     BUFG/I   n/a            1.408         10.000      8.591                clk_int_BUFG_inst/I
Low Pulse Width   Slow    FDSE/C   n/a            0.350         5.000       4.650                FSM_onehot_state_reg[0]/C
High Pulse Width  Slow    FDSE/C   n/a            0.350         5.000       4.650                FSM_onehot_state_reg[0]/C



